<?xml version="1.0" ?>
<!DOCTYPE coverage SYSTEM "http://cobertura.sourceforge.net/xml/coverage-04.dtd">
<coverage lines-valid="3236" lines-covered="3201" line-rate="0.9892" branches-valid="1002" branches-covered="979" branch-rate="0.977" timestamp="1618868977759" complexity="0" version="0.1">
  <sources>
    <source>/Users/kevinlam/Desktop/Projet2/log2990-301/client</source>
  </sources>
  <packages>
    <package name="src" line-rate="1" branch-rate="1">
      <classes>
        <class name="polyfills.ts" filename="src/polyfills.ts" line-rate="0" branch-rate="0">
          <methods>
          </methods>
          <lines>
          </lines>
        </class>
        <class name="test.ts" filename="src/test.ts" line-rate="1" branch-rate="1">
          <methods>
          </methods>
          <lines>
            <line number="11" hits="1" branch="false"/>
            <line number="13" hits="1" branch="false"/>
            <line number="15" hits="1" branch="false"/>
          </lines>
        </class>
      </classes>
    </package>
    <package name="src.app.classes" line-rate="0.9942" branch-rate="1">
      <classes>
        <class name="canvas-test-helper.ts" filename="src/app/classes/canvas-test-helper.ts" line-rate="1" branch-rate="1">
          <methods>
            <method name="(anonymous_0)" hits="444" signature="()V">
              <lines>
                <line number="14" hits="444"/>
              </lines>
            </method>
            <method name="(anonymous_1)" hits="1333" signature="()V">
              <lines>
                <line number="20" hits="1333"/>
              </lines>
            </method>
          </methods>
          <lines>
            <line number="3" hits="1" branch="false"/>
            <line number="4" hits="1" branch="false"/>
            <line number="9" hits="1" branch="false"/>
            <line number="15" hits="444" branch="false"/>
            <line number="16" hits="444" branch="false"/>
            <line number="17" hits="444" branch="false"/>
            <line number="21" hits="1333" branch="false"/>
            <line number="22" hits="1333" branch="false"/>
            <line number="23" hits="1333" branch="false"/>
            <line number="24" hits="1333" branch="false"/>
          </lines>
        </class>
        <class name="selection.ts" filename="src/app/classes/selection.ts" line-rate="0.9931" branch-rate="1">
          <methods>
            <method name="(anonymous_0)" hits="796" signature="()V">
              <lines>
                <line number="46" hits="796"/>
              </lines>
            </method>
            <method name="(anonymous_1)" hits="2" signature="()V">
              <lines>
                <line number="69" hits="2"/>
              </lines>
            </method>
            <method name="(anonymous_2)" hits="0" signature="()V">
              <lines>
                <line number="76" hits="0"/>
              </lines>
            </method>
            <method name="(anonymous_3)" hits="0" signature="()V">
              <lines>
                <line number="77" hits="0"/>
              </lines>
            </method>
            <method name="(anonymous_4)" hits="3" signature="()V">
              <lines>
                <line number="79" hits="3"/>
              </lines>
            </method>
            <method name="(anonymous_5)" hits="16" signature="()V">
              <lines>
                <line number="98" hits="16"/>
              </lines>
            </method>
            <method name="(anonymous_6)" hits="39" signature="()V">
              <lines>
                <line number="104" hits="39"/>
              </lines>
            </method>
            <method name="(anonymous_7)" hits="12" signature="()V">
              <lines>
                <line number="129" hits="12"/>
              </lines>
            </method>
            <method name="(anonymous_8)" hits="6" signature="()V">
              <lines>
                <line number="131" hits="6"/>
              </lines>
            </method>
            <method name="(anonymous_9)" hits="6" signature="()V">
              <lines>
                <line number="134" hits="6"/>
              </lines>
            </method>
            <method name="(anonymous_10)" hits="4" signature="()V">
              <lines>
                <line number="138" hits="4"/>
              </lines>
            </method>
            <method name="(anonymous_11)" hits="4" signature="()V">
              <lines>
                <line number="153" hits="4"/>
              </lines>
            </method>
            <method name="(anonymous_12)" hits="4" signature="()V">
              <lines>
                <line number="168" hits="4"/>
              </lines>
            </method>
            <method name="(anonymous_13)" hits="4" signature="()V">
              <lines>
                <line number="183" hits="4"/>
              </lines>
            </method>
            <method name="(anonymous_14)" hits="0" signature="()V">
              <lines>
                <line number="198" hits="0"/>
              </lines>
            </method>
            <method name="(anonymous_15)" hits="0" signature="()V">
              <lines>
                <line number="200" hits="0"/>
              </lines>
            </method>
            <method name="(anonymous_16)" hits="0" signature="()V">
              <lines>
                <line number="202" hits="0"/>
              </lines>
            </method>
            <method name="(anonymous_17)" hits="0" signature="()V">
              <lines>
                <line number="204" hits="0"/>
              </lines>
            </method>
            <method name="(anonymous_18)" hits="5" signature="()V">
              <lines>
                <line number="208" hits="5"/>
              </lines>
            </method>
            <method name="(anonymous_19)" hits="5" signature="()V">
              <lines>
                <line number="224" hits="5"/>
              </lines>
            </method>
            <method name="(anonymous_20)" hits="49" signature="()V">
              <lines>
                <line number="230" hits="49"/>
              </lines>
            </method>
            <method name="(anonymous_21)" hits="2" signature="()V">
              <lines>
                <line number="236" hits="2"/>
              </lines>
            </method>
            <method name="(anonymous_22)" hits="67" signature="()V">
              <lines>
                <line number="244" hits="67"/>
              </lines>
            </method>
            <method name="(anonymous_23)" hits="67" signature="()V">
              <lines>
                <line number="248" hits="67"/>
              </lines>
            </method>
            <method name="(anonymous_24)" hits="0" signature="()V">
              <lines>
                <line number="254" hits="0"/>
              </lines>
            </method>
            <method name="(anonymous_25)" hits="43" signature="()V">
              <lines>
                <line number="256" hits="43"/>
              </lines>
            </method>
            <method name="(anonymous_26)" hits="12" signature="()V">
              <lines>
                <line number="265" hits="12"/>
              </lines>
            </method>
            <method name="(anonymous_27)" hits="2" signature="()V">
              <lines>
                <line number="271" hits="2"/>
              </lines>
            </method>
            <method name="(anonymous_28)" hits="3" signature="()V">
              <lines>
                <line number="278" hits="3"/>
              </lines>
            </method>
          </methods>
          <lines>
            <line number="11" hits="1" branch="false"/>
            <line number="12" hits="1" branch="false"/>
            <line number="13" hits="1" branch="false"/>
            <line number="18" hits="796" branch="false"/>
            <line number="19" hits="796" branch="false"/>
            <line number="20" hits="796" branch="false"/>
            <line number="21" hits="796" branch="false"/>
            <line number="22" hits="796" branch="false"/>
            <line number="23" hits="796" branch="false"/>
            <line number="24" hits="796" branch="false"/>
            <line number="25" hits="796" branch="false"/>
            <line number="26" hits="796" branch="false"/>
            <line number="27" hits="796" branch="false"/>
            <line number="30" hits="796" branch="false"/>
            <line number="31" hits="796" branch="false"/>
            <line number="38" hits="796" branch="false"/>
            <line number="40" hits="796" branch="false"/>
            <line number="41" hits="796" branch="false"/>
            <line number="47" hits="796" branch="false"/>
            <line number="48" hits="796" branch="false"/>
            <line number="49" hits="796" branch="false"/>
            <line number="50" hits="796" branch="false"/>
            <line number="51" hits="796" branch="false"/>
            <line number="52" hits="796" branch="false"/>
            <line number="54" hits="796" branch="false"/>
            <line number="55" hits="796" branch="false"/>
            <line number="64" hits="796" branch="false"/>
            <line number="65" hits="796" branch="false"/>
            <line number="66" hits="796" branch="false"/>
            <line number="70" hits="2" branch="true" condition-coverage="100% (2/2)"/>
            <line number="71" hits="1" branch="false"/>
            <line number="72" hits="1" branch="false"/>
            <line number="73" hits="1" branch="false"/>
            <line number="80" hits="3" branch="false"/>
            <line number="81" hits="3" branch="false"/>
            <line number="82" hits="3" branch="false"/>
            <line number="83" hits="3" branch="false"/>
            <line number="84" hits="3" branch="false"/>
            <line number="85" hits="3" branch="false"/>
            <line number="91" hits="3" branch="false"/>
            <line number="92" hits="3" branch="false"/>
            <line number="93" hits="3" branch="false"/>
            <line number="94" hits="3" branch="false"/>
            <line number="95" hits="3" branch="false"/>
            <line number="99" hits="16" branch="false"/>
            <line number="100" hits="16" branch="false"/>
            <line number="101" hits="16" branch="false"/>
            <line number="105" hits="39" branch="false"/>
            <line number="107" hits="8" branch="false"/>
            <line number="108" hits="8" branch="false"/>
            <line number="109" hits="8" branch="false"/>
            <line number="112" hits="8" branch="false"/>
            <line number="113" hits="8" branch="false"/>
            <line number="114" hits="8" branch="false"/>
            <line number="117" hits="8" branch="false"/>
            <line number="118" hits="8" branch="false"/>
            <line number="119" hits="8" branch="false"/>
            <line number="122" hits="8" branch="false"/>
            <line number="123" hits="8" branch="false"/>
            <line number="124" hits="8" branch="false"/>
            <line number="130" hits="12" branch="true" condition-coverage="100% (4/4)"/>
            <line number="131" hits="6" branch="false"/>
            <line number="132" hits="6" branch="false"/>
            <line number="134" hits="6" branch="false"/>
            <line number="139" hits="4" branch="false"/>
            <line number="140" hits="4" branch="true" condition-coverage="100% (2/2)"/>
            <line number="141" hits="3" branch="false"/>
            <line number="142" hits="3" branch="false"/>
            <line number="144" hits="4" branch="false"/>
            <line number="145" hits="4" branch="true" condition-coverage="100% (2/2)"/>
            <line number="146" hits="1" branch="false"/>
            <line number="147" hits="1" branch="false"/>
            <line number="149" hits="3" branch="false"/>
            <line number="154" hits="4" branch="false"/>
            <line number="155" hits="4" branch="true" condition-coverage="100% (2/2)"/>
            <line number="156" hits="3" branch="false"/>
            <line number="157" hits="3" branch="false"/>
            <line number="159" hits="4" branch="false"/>
            <line number="160" hits="4" branch="true" condition-coverage="100% (2/2)"/>
            <line number="161" hits="1" branch="false"/>
            <line number="162" hits="1" branch="false"/>
            <line number="164" hits="3" branch="false"/>
            <line number="169" hits="4" branch="false"/>
            <line number="170" hits="4" branch="true" condition-coverage="100% (2/2)"/>
            <line number="171" hits="3" branch="false"/>
            <line number="172" hits="3" branch="false"/>
            <line number="174" hits="4" branch="false"/>
            <line number="175" hits="4" branch="true" condition-coverage="100% (2/2)"/>
            <line number="176" hits="1" branch="false"/>
            <line number="177" hits="1" branch="false"/>
            <line number="179" hits="3" branch="false"/>
            <line number="184" hits="4" branch="false"/>
            <line number="185" hits="4" branch="true" condition-coverage="100% (2/2)"/>
            <line number="186" hits="3" branch="false"/>
            <line number="187" hits="3" branch="false"/>
            <line number="189" hits="4" branch="false"/>
            <line number="190" hits="4" branch="true" condition-coverage="100% (2/2)"/>
            <line number="191" hits="1" branch="false"/>
            <line number="192" hits="1" branch="false"/>
            <line number="194" hits="3" branch="false"/>
            <line number="205" hits="0" branch="false"/>
            <line number="209" hits="5" branch="true" condition-coverage="100% (2/2)"/>
            <line number="210" hits="1" branch="false"/>
            <line number="211" hits="1" branch="false"/>
            <line number="212" hits="1" branch="false"/>
            <line number="215" hits="5" branch="true" condition-coverage="100% (2/2)"/>
            <line number="216" hits="1" branch="false"/>
            <line number="217" hits="1" branch="false"/>
            <line number="218" hits="1" branch="false"/>
            <line number="221" hits="5" branch="false"/>
            <line number="225" hits="5" branch="false"/>
            <line number="226" hits="5" branch="false"/>
            <line number="227" hits="5" branch="false"/>
            <line number="231" hits="49" branch="false"/>
            <line number="232" hits="49" branch="false"/>
            <line number="233" hits="49" branch="false"/>
            <line number="237" hits="2" branch="false"/>
            <line number="238" hits="2" branch="false"/>
            <line number="239" hits="2" branch="false"/>
            <line number="240" hits="2" branch="false"/>
            <line number="241" hits="2" branch="false"/>
            <line number="245" hits="67" branch="false"/>
            <line number="249" hits="67" branch="false"/>
            <line number="250" hits="67" branch="false"/>
            <line number="251" hits="67" branch="false"/>
            <line number="257" hits="43" branch="false"/>
            <line number="258" hits="43" branch="false"/>
            <line number="259" hits="43" branch="false"/>
            <line number="260" hits="43" branch="false"/>
            <line number="261" hits="43" branch="false"/>
            <line number="262" hits="43" branch="false"/>
            <line number="263" hits="43" branch="false"/>
            <line number="266" hits="12" branch="false"/>
            <line number="267" hits="12" branch="false"/>
            <line number="268" hits="12" branch="false"/>
            <line number="269" hits="12" branch="false"/>
            <line number="272" hits="2" branch="true" condition-coverage="100% (2/2)"/>
            <line number="273" hits="1" branch="false"/>
            <line number="274" hits="1" branch="false"/>
            <line number="279" hits="3" branch="false"/>
            <line number="280" hits="3" branch="false"/>
            <line number="281" hits="3" branch="false"/>
            <line number="282" hits="3" branch="false"/>
            <line number="283" hits="3" branch="false"/>
          </lines>
        </class>
        <class name="tool.ts" filename="src/app/classes/tool.ts" line-rate="1" branch-rate="1">
          <methods>
            <method name="(anonymous_0)" hits="3731" signature="()V">
              <lines>
                <line number="28" hits="3731"/>
              </lines>
            </method>
            <method name="(anonymous_1)" hits="1" signature="()V">
              <lines>
                <line number="30" hits="1"/>
              </lines>
            </method>
            <method name="(anonymous_2)" hits="1" signature="()V">
              <lines>
                <line number="32" hits="1"/>
              </lines>
            </method>
            <method name="(anonymous_3)" hits="1" signature="()V">
              <lines>
                <line number="34" hits="1"/>
              </lines>
            </method>
            <method name="(anonymous_4)" hits="2" signature="()V">
              <lines>
                <line number="36" hits="2"/>
              </lines>
            </method>
            <method name="(anonymous_5)" hits="1" signature="()V">
              <lines>
                <line number="38" hits="1"/>
              </lines>
            </method>
            <method name="(anonymous_6)" hits="157" signature="()V">
              <lines>
                <line number="40" hits="157"/>
              </lines>
            </method>
            <method name="(anonymous_7)" hits="1" signature="()V">
              <lines>
                <line number="44" hits="1"/>
              </lines>
            </method>
            <method name="(anonymous_8)" hits="0" signature="()V">
              <lines>
                <line number="48" hits="0"/>
              </lines>
            </method>
            <method name="(anonymous_9)" hits="37" signature="()V">
              <lines>
                <line number="50" hits="37"/>
              </lines>
            </method>
            <method name="(anonymous_10)" hits="2" signature="()V">
              <lines>
                <line number="64" hits="2"/>
              </lines>
            </method>
            <method name="(anonymous_11)" hits="56" signature="()V">
              <lines>
                <line number="68" hits="56"/>
              </lines>
            </method>
            <method name="(anonymous_12)" hits="74" signature="()V">
              <lines>
                <line number="73" hits="74"/>
              </lines>
            </method>
          </methods>
          <lines>
            <line number="18" hits="3731" branch="false"/>
            <line number="26" hits="3731" branch="false"/>
            <line number="28" hits="3731" branch="false"/>
            <line number="41" hits="157" branch="false"/>
            <line number="45" hits="1" branch="false"/>
            <line number="46" hits="1" branch="false"/>
            <line number="51" hits="37" branch="true" condition-coverage="100% (2/2)"/>
            <line number="52" hits="13" branch="false"/>
            <line number="53" hits="13" branch="false"/>
            <line number="55" hits="24" branch="false"/>
            <line number="56" hits="24" branch="false"/>
            <line number="58" hits="37" branch="false"/>
            <line number="59" hits="37" branch="false"/>
            <line number="60" hits="37" branch="false"/>
            <line number="61" hits="37" branch="false"/>
            <line number="65" hits="2" branch="false"/>
            <line number="69" hits="56" branch="false"/>
            <line number="70" hits="56" branch="false"/>
          </lines>
        </class>
        <class name="undo-redo-command.ts" filename="src/app/classes/undo-redo-command.ts" line-rate="1" branch-rate="1">
          <methods>
            <method name="(anonymous_0)" hits="282" signature="()V">
              <lines>
                <line number="7" hits="282"/>
              </lines>
            </method>
          </methods>
          <lines>
            <line number="9" hits="282" branch="false"/>
          </lines>
        </class>
      </classes>
    </package>
    <package name="src.app.components.app" line-rate="1" branch-rate="1">
      <classes>
        <class name="app.component.ts" filename="src/app/components/app/app.component.ts" line-rate="1" branch-rate="1">
          <methods>
          </methods>
          <lines>
            <line number="8" hits="1" branch="false"/>
          </lines>
        </class>
      </classes>
    </package>
    <package name="src.app.components.carrousel" line-rate="0.9063" branch-rate="0.95">
      <classes>
        <class name="carrousel.component.ts" filename="src/app/components/carrousel/carrousel.component.ts" line-rate="0.9063" branch-rate="0.95">
          <methods>
            <method name="(anonymous_0)" hits="29" signature="()V">
              <lines>
                <line number="33" hits="29"/>
              </lines>
            </method>
            <method name="(anonymous_1)" hits="1" signature="()V">
              <lines>
                <line number="45" hits="1"/>
              </lines>
            </method>
            <method name="(anonymous_2)" hits="1" signature="()V">
              <lines>
                <line number="50" hits="1"/>
              </lines>
            </method>
            <method name="(anonymous_3)" hits="30" signature="()V">
              <lines>
                <line number="55" hits="30"/>
              </lines>
            </method>
            <method name="(anonymous_4)" hits="12" signature="()V">
              <lines>
                <line number="59" hits="12"/>
              </lines>
            </method>
            <method name="(anonymous_5)" hits="10" signature="()V">
              <lines>
                <line number="65" hits="10"/>
              </lines>
            </method>
            <method name="(anonymous_6)" hits="8" signature="()V">
              <lines>
                <line number="69" hits="8"/>
              </lines>
            </method>
            <method name="(anonymous_7)" hits="2" signature="()V">
              <lines>
                <line number="83" hits="2"/>
              </lines>
            </method>
            <method name="(anonymous_8)" hits="2" signature="()V">
              <lines>
                <line number="90" hits="2"/>
              </lines>
            </method>
            <method name="(anonymous_9)" hits="0" signature="()V">
              <lines>
                <line number="91" hits="0"/>
              </lines>
            </method>
            <method name="(anonymous_10)" hits="3" signature="()V">
              <lines>
                <line number="98" hits="3"/>
              </lines>
            </method>
            <method name="(anonymous_11)" hits="3" signature="()V">
              <lines>
                <line number="104" hits="3"/>
              </lines>
            </method>
            <method name="(anonymous_12)" hits="1" signature="()V">
              <lines>
                <line number="110" hits="1"/>
              </lines>
            </method>
            <method name="(anonymous_13)" hits="1" signature="()V">
              <lines>
                <line number="114" hits="1"/>
              </lines>
            </method>
            <method name="(anonymous_14)" hits="2" signature="()V">
              <lines>
                <line number="118" hits="2"/>
              </lines>
            </method>
            <method name="(anonymous_15)" hits="0" signature="()V">
              <lines>
                <line number="128" hits="0"/>
              </lines>
            </method>
            <method name="(anonymous_16)" hits="5" signature="()V">
              <lines>
                <line number="138" hits="5"/>
              </lines>
            </method>
          </methods>
          <lines>
            <line number="12" hits="1" branch="false"/>
            <line number="13" hits="1" branch="false"/>
            <line number="14" hits="1" branch="false"/>
            <line number="21" hits="1" branch="false"/>
            <line number="25" hits="29" branch="false"/>
            <line number="26" hits="29" branch="false"/>
            <line number="27" hits="29" branch="false"/>
            <line number="28" hits="29" branch="false"/>
            <line number="29" hits="29" branch="false"/>
            <line number="30" hits="29" branch="false"/>
            <line number="31" hits="29" branch="false"/>
            <line number="35" hits="29" branch="false"/>
            <line number="36" hits="29" branch="false"/>
            <line number="37" hits="29" branch="false"/>
            <line number="38" hits="29" branch="false"/>
            <line number="40" hits="29" branch="false"/>
            <line number="41" hits="29" branch="false"/>
            <line number="45" hits="1" branch="false"/>
            <line number="50" hits="1" branch="false"/>
            <line number="56" hits="30" branch="false"/>
            <line number="60" hits="12" branch="false"/>
            <line number="61" hits="12" branch="false"/>
            <line number="62" hits="12" branch="false"/>
            <line number="66" hits="10" branch="false"/>
            <line number="67" hits="10" branch="false"/>
            <line number="68" hits="10" branch="false"/>
            <line number="70" hits="8" branch="true" condition-coverage="100% (2/2)"/>
            <line number="71" hits="4" branch="false"/>
            <line number="72" hits="4" branch="false"/>
            <line number="73" hits="4" branch="false"/>
            <line number="74" hits="4" branch="false"/>
            <line number="76" hits="4" branch="true" condition-coverage="50% (1/2)"/>
            <line number="77" hits="4" branch="false"/>
            <line number="80" hits="4" branch="false"/>
            <line number="84" hits="2" branch="false"/>
            <line number="87" hits="10" branch="false"/>
            <line number="91" hits="2" branch="false"/>
            <line number="92" hits="0" branch="false"/>
            <line number="94" hits="2" branch="false"/>
            <line number="95" hits="2" branch="false"/>
            <line number="99" hits="3" branch="true" condition-coverage="100% (2/2)"/>
            <line number="100" hits="3" branch="true" condition-coverage="100% (2/2)"/>
            <line number="101" hits="3" branch="true" condition-coverage="100% (2/2)"/>
            <line number="105" hits="3" branch="true" condition-coverage="100% (2/2)"/>
            <line number="106" hits="3" branch="true" condition-coverage="100% (2/2)"/>
            <line number="107" hits="3" branch="true" condition-coverage="100% (2/2)"/>
            <line number="111" hits="1" branch="false"/>
            <line number="115" hits="1" branch="false"/>
            <line number="119" hits="2" branch="false"/>
            <line number="120" hits="2" branch="false"/>
            <line number="124" hits="2" branch="false"/>
            <line number="126" hits="2" branch="false"/>
            <line number="127" hits="2" branch="true" condition-coverage="100% (2/2)"/>
            <line number="128" hits="1" branch="false"/>
            <line number="129" hits="0" branch="false"/>
            <line number="130" hits="0" branch="false"/>
            <line number="131" hits="0" branch="false"/>
            <line number="132" hits="0" branch="false"/>
            <line number="133" hits="0" branch="false"/>
            <line number="139" hits="5" branch="false"/>
            <line number="140" hits="11" branch="true" condition-coverage="100% (2/2)"/>
            <line number="141" hits="2" branch="false"/>
            <line number="142" hits="2" branch="false"/>
            <line number="143" hits="2" branch="false"/>
          </lines>
        </class>
      </classes>
    </package>
    <package name="src.app.components.color-picker" line-rate="1" branch-rate="1">
      <classes>
        <class name="color-picker.component.ts" filename="src/app/components/color-picker/color-picker.component.ts" line-rate="1" branch-rate="1">
          <methods>
            <method name="(anonymous_0)" hits="21" signature="()V">
              <lines>
                <line number="32" hits="21"/>
              </lines>
            </method>
            <method name="(anonymous_1)" hits="83" signature="()V">
              <lines>
                <line number="43" hits="83"/>
              </lines>
            </method>
            <method name="(anonymous_2)" hits="4" signature="()V">
              <lines>
                <line number="47" hits="4"/>
              </lines>
            </method>
            <method name="(anonymous_3)" hits="4" signature="()V">
              <lines>
                <line number="59" hits="4"/>
              </lines>
            </method>
            <method name="(anonymous_4)" hits="8" signature="()V">
              <lines>
                <line number="71" hits="8"/>
              </lines>
            </method>
            <method name="(anonymous_5)" hits="44" signature="()V">
              <lines>
                <line number="109" hits="44"/>
              </lines>
            </method>
            <method name="(anonymous_6)" hits="8" signature="()V">
              <lines>
                <line number="133" hits="8"/>
              </lines>
            </method>
            <method name="(anonymous_7)" hits="4" signature="()V">
              <lines>
                <line number="139" hits="4"/>
              </lines>
            </method>
            <method name="(anonymous_8)" hits="1" signature="()V">
              <lines>
                <line number="144" hits="1"/>
              </lines>
            </method>
          </methods>
          <lines>
            <line number="14" hits="1" branch="false"/>
            <line number="16" hits="21" branch="false"/>
            <line number="17" hits="21" branch="false"/>
            <line number="18" hits="21" branch="false"/>
            <line number="19" hits="21" branch="false"/>
            <line number="21" hits="21" branch="false"/>
            <line number="22" hits="21" branch="false"/>
            <line number="23" hits="21" branch="false"/>
            <line number="24" hits="21" branch="false"/>
            <line number="25" hits="21" branch="false"/>
            <line number="26" hits="21" branch="false"/>
            <line number="27" hits="21" branch="false"/>
            <line number="28" hits="21" branch="false"/>
            <line number="29" hits="21" branch="false"/>
            <line number="30" hits="21" branch="false"/>
            <line number="31" hits="21" branch="false"/>
            <line number="32" hits="21" branch="false"/>
            <line number="33" hits="21" branch="false"/>
            <line number="34" hits="21" branch="false"/>
            <line number="41" hits="21" branch="false"/>
            <line number="44" hits="83" branch="false"/>
            <line number="48" hits="4" branch="true" condition-coverage="100% (2/2)"/>
            <line number="49" hits="3" branch="false"/>
            <line number="50" hits="3" branch="false"/>
            <line number="51" hits="3" branch="false"/>
            <line number="52" hits="3" branch="false"/>
            <line number="53" hits="3" branch="false"/>
            <line number="54" hits="3" branch="false"/>
            <line number="55" hits="3" branch="false"/>
            <line number="60" hits="4" branch="true" condition-coverage="100% (2/2)"/>
            <line number="61" hits="3" branch="false"/>
            <line number="62" hits="3" branch="false"/>
            <line number="63" hits="3" branch="false"/>
            <line number="64" hits="3" branch="false"/>
            <line number="65" hits="3" branch="false"/>
            <line number="66" hits="3" branch="false"/>
            <line number="67" hits="3" branch="false"/>
            <line number="72" hits="8" branch="false"/>
            <line number="73" hits="8" branch="true" condition-coverage="100% (2/2)"/>
            <line number="74" hits="4" branch="false"/>
            <line number="77" hits="8" branch="false"/>
            <line number="78" hits="8" branch="true" condition-coverage="100% (4/4)"/>
            <line number="79" hits="1" branch="false"/>
            <line number="80" hits="1" branch="false"/>
            <line number="81" hits="1" branch="false"/>
            <line number="84" hits="8" branch="false"/>
            <line number="86" hits="8" branch="false"/>
            <line number="87" hits="8" branch="false"/>
            <line number="88" hits="8" branch="false"/>
            <line number="89" hits="8" branch="false"/>
            <line number="91" hits="8" branch="true" condition-coverage="100% (2/2)"/>
            <line number="92" hits="2" branch="true" condition-coverage="100% (2/2)"/>
            <line number="93" hits="1" branch="false"/>
            <line number="95" hits="6" branch="true" condition-coverage="100% (2/2)"/>
            <line number="96" hits="2" branch="true" condition-coverage="100% (2/2)"/>
            <line number="97" hits="1" branch="false"/>
            <line number="99" hits="4" branch="true" condition-coverage="100% (2/2)"/>
            <line number="100" hits="2" branch="true" condition-coverage="100% (2/2)"/>
            <line number="101" hits="1" branch="false"/>
            <line number="105" hits="8" branch="false"/>
            <line number="106" hits="8" branch="false"/>
            <line number="110" hits="44" branch="false"/>
            <line number="111" hits="44" branch="false"/>
            <line number="112" hits="44" branch="false"/>
            <line number="113" hits="44" branch="false"/>
            <line number="115" hits="44" branch="false"/>
            <line number="116" hits="44" branch="true" condition-coverage="100% (2/2)"/>
            <line number="117" hits="43" branch="false"/>
            <line number="119" hits="1" branch="false"/>
            <line number="121" hits="44" branch="false"/>
            <line number="122" hits="44" branch="false"/>
            <line number="123" hits="44" branch="false"/>
            <line number="124" hits="44" branch="false"/>
            <line number="126" hits="44" branch="true" condition-coverage="100% (2/2)"/>
            <line number="127" hits="44" branch="true" condition-coverage="100% (2/2)"/>
            <line number="128" hits="44" branch="true" condition-coverage="100% (2/2)"/>
            <line number="130" hits="44" branch="false"/>
            <line number="134" hits="8" branch="false"/>
            <line number="135" hits="8" branch="false"/>
            <line number="136" hits="8" branch="false"/>
            <line number="140" hits="4" branch="false"/>
            <line number="145" hits="1" branch="false"/>
          </lines>
        </class>
      </classes>
    </package>
    <package name="src.app.components.color-picker.color-palette" line-rate="1" branch-rate="1">
      <classes>
        <class name="color-palette.component.ts" filename="src/app/components/color-picker/color-palette/color-palette.component.ts" line-rate="1" branch-rate="1">
          <methods>
            <method name="(anonymous_0)" hits="28" signature="()V">
              <lines>
                <line number="28" hits="28"/>
              </lines>
            </method>
            <method name="(anonymous_1)" hits="29" signature="()V">
              <lines>
                <line number="32" hits="29"/>
              </lines>
            </method>
            <method name="(anonymous_2)" hits="41" signature="()V">
              <lines>
                <line number="36" hits="41"/>
              </lines>
            </method>
            <method name="(anonymous_3)" hits="3" signature="()V">
              <lines>
                <line number="74" hits="3"/>
              </lines>
            </method>
            <method name="(anonymous_4)" hits="1" signature="()V">
              <lines>
                <line number="85" hits="1"/>
              </lines>
            </method>
            <method name="(anonymous_5)" hits="4" signature="()V">
              <lines>
                <line number="89" hits="4"/>
              </lines>
            </method>
            <method name="(anonymous_6)" hits="2" signature="()V">
              <lines>
                <line number="107" hits="2"/>
              </lines>
            </method>
            <method name="(anonymous_7)" hits="5" signature="()V">
              <lines>
                <line number="112" hits="5"/>
              </lines>
            </method>
            <method name="(anonymous_8)" hits="4" signature="()V">
              <lines>
                <line number="130" hits="4"/>
              </lines>
            </method>
            <method name="(anonymous_9)" hits="9" signature="()V">
              <lines>
                <line number="146" hits="9"/>
              </lines>
            </method>
            <method name="(anonymous_10)" hits="11" signature="()V">
              <lines>
                <line number="151" hits="11"/>
              </lines>
            </method>
            <method name="(anonymous_11)" hits="11" signature="()V">
              <lines>
                <line number="156" hits="11"/>
              </lines>
            </method>
          </methods>
          <lines>
            <line number="11" hits="1" branch="false"/>
            <line number="16" hits="28" branch="false"/>
            <line number="21" hits="28" branch="false"/>
            <line number="22" hits="28" branch="false"/>
            <line number="29" hits="28" branch="false"/>
            <line number="33" hits="29" branch="false"/>
            <line number="37" hits="41" branch="false"/>
            <line number="38" hits="41" branch="false"/>
            <line number="39" hits="41" branch="false"/>
            <line number="41" hits="41" branch="true" condition-coverage="100% (2/2)"/>
            <line number="42" hits="28" branch="false"/>
            <line number="44" hits="41" branch="false"/>
            <line number="45" hits="41" branch="false"/>
            <line number="47" hits="41" branch="true" condition-coverage="100% (2/2)"/>
            <line number="48" hits="41" branch="false"/>
            <line number="50" hits="41" branch="false"/>
            <line number="51" hits="41" branch="false"/>
            <line number="52" hits="41" branch="false"/>
            <line number="54" hits="41" branch="false"/>
            <line number="55" hits="41" branch="false"/>
            <line number="57" hits="41" branch="false"/>
            <line number="58" hits="41" branch="false"/>
            <line number="59" hits="41" branch="false"/>
            <line number="61" hits="41" branch="false"/>
            <line number="62" hits="41" branch="false"/>
            <line number="64" hits="41" branch="true" condition-coverage="100% (2/2)"/>
            <line number="65" hits="12" branch="false"/>
            <line number="66" hits="12" branch="false"/>
            <line number="67" hits="12" branch="false"/>
            <line number="68" hits="12" branch="false"/>
            <line number="69" hits="12" branch="false"/>
            <line number="70" hits="12" branch="false"/>
            <line number="75" hits="3" branch="true" condition-coverage="100% (2/2)"/>
            <line number="76" hits="2" branch="false"/>
            <line number="77" hits="2" branch="false"/>
            <line number="78" hits="2" branch="true" condition-coverage="100% (2/2)"/>
            <line number="79" hits="1" branch="false"/>
            <line number="86" hits="1" branch="false"/>
            <line number="90" hits="4" branch="false"/>
            <line number="91" hits="4" branch="false"/>
            <line number="92" hits="4" branch="true" condition-coverage="100% (4/4)"/>
            <line number="93" hits="3" branch="false"/>
            <line number="94" hits="3" branch="false"/>
            <line number="95" hits="3" branch="false"/>
            <line number="96" hits="3" branch="true" condition-coverage="100% (2/2)"/>
            <line number="97" hits="1" branch="false"/>
            <line number="99" hits="3" branch="false"/>
            <line number="108" hits="2" branch="false"/>
            <line number="109" hits="2" branch="false"/>
            <line number="113" hits="5" branch="false"/>
            <line number="114" hits="5" branch="false"/>
            <line number="115" hits="5" branch="false"/>
            <line number="116" hits="5" branch="false"/>
            <line number="117" hits="5" branch="false"/>
            <line number="118" hits="5" branch="true" condition-coverage="100% (2/2)"/>
            <line number="119" hits="2" branch="false"/>
            <line number="120" hits="2" branch="false"/>
            <line number="122" hits="3" branch="false"/>
            <line number="127" hits="3" branch="false"/>
            <line number="131" hits="4" branch="true" condition-coverage="100% (2/2)"/>
            <line number="132" hits="3" branch="false"/>
            <line number="133" hits="3" branch="false"/>
            <line number="134" hits="3" branch="false"/>
            <line number="135" hits="3" branch="false"/>
            <line number="140" hits="3" branch="true" condition-coverage="100% (2/2)"/>
            <line number="141" hits="1" branch="false"/>
            <line number="147" hits="9" branch="false"/>
            <line number="148" hits="9" branch="false"/>
            <line number="152" hits="11" branch="false"/>
            <line number="153" hits="11" branch="false"/>
            <line number="157" hits="11" branch="false"/>
            <line number="158" hits="11" branch="false"/>
          </lines>
        </class>
      </classes>
    </package>
    <package name="src.app.components.color-picker.color-slider" line-rate="1" branch-rate="1">
      <classes>
        <class name="color-slider.component.ts" filename="src/app/components/color-picker/color-slider/color-slider.component.ts" line-rate="1" branch-rate="1">
          <methods>
            <method name="(anonymous_1)" hits="15" signature="()V">
              <lines>
                <line number="20" hits="15"/>
              </lines>
            </method>
            <method name="(anonymous_2)" hits="19" signature="()V">
              <lines>
                <line number="24" hits="19"/>
              </lines>
            </method>
            <method name="(anonymous_3)" hits="1" signature="()V">
              <lines>
                <line number="73" hits="1"/>
              </lines>
            </method>
            <method name="(anonymous_4)" hits="1" signature="()V">
              <lines>
                <line number="77" hits="1"/>
              </lines>
            </method>
            <method name="(anonymous_5)" hits="2" signature="()V">
              <lines>
                <line number="84" hits="2"/>
              </lines>
            </method>
            <method name="(anonymous_6)" hits="1" signature="()V">
              <lines>
                <line number="92" hits="1"/>
              </lines>
            </method>
            <method name="(anonymous_7)" hits="6" signature="()V">
              <lines>
                <line number="97" hits="6"/>
              </lines>
            </method>
          </methods>
          <lines>
            <line number="9" hits="1" branch="false"/>
            <line number="14" hits="14" branch="false"/>
            <line number="17" hits="14" branch="false"/>
            <line number="21" hits="15" branch="false"/>
            <line number="25" hits="19" branch="true" condition-coverage="100% (2/2)"/>
            <line number="26" hits="14" branch="false"/>
            <line number="28" hits="19" branch="false"/>
            <line number="29" hits="19" branch="false"/>
            <line number="31" hits="19" branch="false"/>
            <line number="33" hits="19" branch="false"/>
            <line number="34" hits="19" branch="false"/>
            <line number="35" hits="19" branch="false"/>
            <line number="36" hits="19" branch="false"/>
            <line number="37" hits="19" branch="false"/>
            <line number="38" hits="19" branch="false"/>
            <line number="39" hits="19" branch="false"/>
            <line number="41" hits="19" branch="false"/>
            <line number="42" hits="19" branch="false"/>
            <line number="43" hits="19" branch="false"/>
            <line number="44" hits="19" branch="false"/>
            <line number="45" hits="19" branch="false"/>
            <line number="46" hits="19" branch="false"/>
            <line number="47" hits="19" branch="false"/>
            <line number="48" hits="19" branch="false"/>
            <line number="50" hits="19" branch="false"/>
            <line number="51" hits="19" branch="false"/>
            <line number="53" hits="19" branch="false"/>
            <line number="54" hits="19" branch="false"/>
            <line number="55" hits="19" branch="false"/>
            <line number="57" hits="19" branch="true" condition-coverage="100% (2/2)"/>
            <line number="58" hits="2" branch="false"/>
            <line number="59" hits="2" branch="false"/>
            <line number="60" hits="2" branch="false"/>
            <line number="61" hits="2" branch="false"/>
            <line number="62" hits="2" branch="false"/>
            <line number="63" hits="2" branch="false"/>
            <line number="64" hits="2" branch="false"/>
            <line number="65" hits="2" branch="false"/>
            <line number="66" hits="2" branch="false"/>
            <line number="67" hits="2" branch="false"/>
            <line number="68" hits="2" branch="false"/>
            <line number="74" hits="1" branch="false"/>
            <line number="78" hits="1" branch="false"/>
            <line number="79" hits="1" branch="false"/>
            <line number="80" hits="1" branch="false"/>
            <line number="81" hits="1" branch="false"/>
            <line number="85" hits="2" branch="true" condition-coverage="100% (2/2)"/>
            <line number="86" hits="1" branch="false"/>
            <line number="87" hits="1" branch="false"/>
            <line number="88" hits="1" branch="false"/>
            <line number="93" hits="1" branch="false"/>
            <line number="94" hits="1" branch="false"/>
            <line number="98" hits="6" branch="false"/>
            <line number="99" hits="6" branch="false"/>
            <line number="100" hits="6" branch="false"/>
            <line number="101" hits="6" branch="false"/>
            <line number="102" hits="6" branch="false"/>
            <line number="103" hits="6" branch="false"/>
            <line number="104" hits="6" branch="false"/>
          </lines>
        </class>
      </classes>
    </package>
    <package name="src.app.components.drawing" line-rate="0.9020999999999999" branch-rate="0.8158">
      <classes>
        <class name="drawing.component.ts" filename="src/app/components/drawing/drawing.component.ts" line-rate="0.9020999999999999" branch-rate="0.8158">
          <methods>
            <method name="(anonymous_0)" hits="32" signature="()V">
              <lines>
                <line number="52" hits="32"/>
              </lines>
            </method>
            <method name="(anonymous_1)" hits="4" signature="()V">
              <lines>
                <line number="69" hits="4"/>
              </lines>
            </method>
            <method name="(anonymous_2)" hits="37" signature="()V">
              <lines>
                <line number="78" hits="37"/>
              </lines>
            </method>
            <method name="(anonymous_3)" hits="25" signature="()V">
              <lines>
                <line number="95" hits="25"/>
              </lines>
            </method>
            <method name="(anonymous_4)" hits="1" signature="()V">
              <lines>
                <line number="104" hits="1"/>
              </lines>
            </method>
            <method name="(anonymous_5)" hits="0" signature="()V">
              <lines>
                <line number="112" hits="0"/>
              </lines>
            </method>
            <method name="(anonymous_6)" hits="1" signature="()V">
              <lines>
                <line number="123" hits="1"/>
              </lines>
            </method>
            <method name="(anonymous_7)" hits="1" signature="()V">
              <lines>
                <line number="125" hits="1"/>
              </lines>
            </method>
            <method name="(anonymous_8)" hits="1" signature="()V">
              <lines>
                <line number="133" hits="1"/>
              </lines>
            </method>
            <method name="(anonymous_9)" hits="1" signature="()V">
              <lines>
                <line number="135" hits="1"/>
              </lines>
            </method>
            <method name="(anonymous_10)" hits="0" signature="()V">
              <lines>
                <line number="143" hits="0"/>
              </lines>
            </method>
            <method name="(anonymous_11)" hits="1" signature="()V">
              <lines>
                <line number="151" hits="1"/>
              </lines>
            </method>
            <method name="(anonymous_12)" hits="1" signature="()V">
              <lines>
                <line number="158" hits="1"/>
              </lines>
            </method>
            <method name="(anonymous_13)" hits="1" signature="()V">
              <lines>
                <line number="165" hits="1"/>
              </lines>
            </method>
            <method name="(anonymous_14)" hits="1" signature="()V">
              <lines>
                <line number="172" hits="1"/>
              </lines>
            </method>
            <method name="(anonymous_15)" hits="1" signature="()V">
              <lines>
                <line number="179" hits="1"/>
              </lines>
            </method>
            <method name="(anonymous_16)" hits="0" signature="()V">
              <lines>
                <line number="184" hits="0"/>
              </lines>
            </method>
            <method name="(anonymous_17)" hits="161" signature="()V">
              <lines>
                <line number="193" hits="161"/>
              </lines>
            </method>
            <method name="(anonymous_18)" hits="31" signature="()V">
              <lines>
                <line number="200" hits="31"/>
              </lines>
            </method>
            <method name="(anonymous_19)" hits="5" signature="()V">
              <lines>
                <line number="205" hits="5"/>
              </lines>
            </method>
            <method name="(anonymous_20)" hits="5" signature="()V">
              <lines>
                <line number="218" hits="5"/>
              </lines>
            </method>
            <method name="(anonymous_21)" hits="4" signature="()V">
              <lines>
                <line number="244" hits="4"/>
              </lines>
            </method>
            <method name="(anonymous_22)" hits="3" signature="()V">
              <lines>
                <line number="247" hits="3"/>
              </lines>
            </method>
            <method name="(anonymous_23)" hits="2" signature="()V">
              <lines>
                <line number="259" hits="2"/>
              </lines>
            </method>
            <method name="(anonymous_24)" hits="2" signature="()V">
              <lines>
                <line number="274" hits="2"/>
              </lines>
            </method>
            <method name="(anonymous_25)" hits="0" signature="()V">
              <lines>
                <line number="292" hits="0"/>
              </lines>
            </method>
            <method name="(anonymous_26)" hits="0" signature="()V">
              <lines>
                <line number="297" hits="0"/>
              </lines>
            </method>
            <method name="(anonymous_27)" hits="1" signature="()V">
              <lines>
                <line number="314" hits="1"/>
              </lines>
            </method>
            <method name="(anonymous_28)" hits="193" signature="()V">
              <lines>
                <line number="323" hits="193"/>
              </lines>
            </method>
            <method name="(anonymous_29)" hits="193" signature="()V">
              <lines>
                <line number="327" hits="193"/>
              </lines>
            </method>
          </methods>
          <lines>
            <line number="14" hits="1" branch="false"/>
            <line number="15" hits="1" branch="false"/>
            <line number="22" hits="1" branch="false"/>
            <line number="35" hits="32" branch="false"/>
            <line number="36" hits="32" branch="false"/>
            <line number="40" hits="32" branch="false"/>
            <line number="41" hits="32" branch="false"/>
            <line number="43" hits="32" branch="false"/>
            <line number="49" hits="32" branch="false"/>
            <line number="53" hits="32" branch="false"/>
            <line number="58" hits="32" branch="false"/>
            <line number="59" hits="32" branch="false"/>
            <line number="61" hits="32" branch="false"/>
            <line number="62" hits="32" branch="true" condition-coverage="100% (2/2)"/>
            <line number="63" hits="22" branch="false"/>
            <line number="65" hits="32" branch="false"/>
            <line number="66" hits="32" branch="false"/>
            <line number="67" hits="32" branch="false"/>
            <line number="68" hits="32" branch="false"/>
            <line number="69" hits="32" branch="false"/>
            <line number="70" hits="32" branch="false"/>
            <line number="71" hits="32" branch="false"/>
            <line number="72" hits="32" branch="false"/>
            <line number="73" hits="32" branch="false"/>
            <line number="74" hits="32" branch="false"/>
            <line number="75" hits="32" branch="false"/>
            <line number="79" hits="37" branch="false"/>
            <line number="80" hits="37" branch="false"/>
            <line number="81" hits="37" branch="false"/>
            <line number="82" hits="37" branch="false"/>
            <line number="83" hits="37" branch="false"/>
            <line number="84" hits="37" branch="false"/>
            <line number="85" hits="37" branch="false"/>
            <line number="86" hits="37" branch="false"/>
            <line number="87" hits="37" branch="false"/>
            <line number="88" hits="37" branch="false"/>
            <line number="89" hits="37" branch="false"/>
            <line number="90" hits="37" branch="false"/>
            <line number="91" hits="37" branch="true" condition-coverage="100% (2/2)"/>
            <line number="92" hits="25" branch="false"/>
            <line number="93" hits="25" branch="false"/>
            <line number="94" hits="25" branch="false"/>
            <line number="95" hits="25" branch="false"/>
            <line number="96" hits="25" branch="false"/>
            <line number="100" hits="37" branch="false"/>
            <line number="105" hits="1" branch="false"/>
            <line number="106" hits="1" branch="false"/>
            <line number="113" hits="0" branch="false"/>
            <line number="114" hits="0" branch="true" condition-coverage="0% (0/2)"/>
            <line number="115" hits="0" branch="false"/>
            <line number="116" hits="0" branch="false"/>
            <line number="124" hits="1" branch="false"/>
            <line number="125" hits="1" branch="false"/>
            <line number="126" hits="1" branch="false"/>
            <line number="134" hits="1" branch="false"/>
            <line number="135" hits="1" branch="false"/>
            <line number="136" hits="1" branch="false"/>
            <line number="144" hits="0" branch="false"/>
            <line number="145" hits="0" branch="false"/>
            <line number="152" hits="1" branch="false"/>
            <line number="159" hits="1" branch="false"/>
            <line number="166" hits="1" branch="false"/>
            <line number="173" hits="1" branch="false"/>
            <line number="180" hits="1" branch="false"/>
            <line number="184" hits="37" branch="false"/>
            <line number="185" hits="0" branch="true" condition-coverage="0% (0/4)"/>
            <line number="186" hits="0" branch="false"/>
            <line number="187" hits="0" branch="false"/>
            <line number="189" hits="0" branch="false"/>
            <line number="192" hits="37" branch="false"/>
            <line number="193" hits="37" branch="false"/>
            <line number="194" hits="161" branch="true" condition-coverage="100% (2/2)"/>
            <line number="195" hits="5" branch="false"/>
            <line number="196" hits="156" branch="true" condition-coverage="100% (2/2)"/>
            <line number="197" hits="31" branch="false"/>
            <line number="200" hits="37" branch="false"/>
            <line number="201" hits="31" branch="false"/>
            <line number="203" hits="37" branch="false"/>
            <line number="206" hits="5" branch="true" condition-coverage="100% (2/2)"/>
            <line number="207" hits="1" branch="false"/>
            <line number="219" hits="5" branch="true" condition-coverage="100% (2/2)"/>
            <line number="220" hits="1" branch="false"/>
            <line number="221" hits="1" branch="false"/>
            <line number="222" hits="4" branch="true" condition-coverage="100% (2/2)"/>
            <line number="223" hits="1" branch="false"/>
            <line number="225" hits="5" branch="true" condition-coverage="100% (4/4)"/>
            <line number="226" hits="1" branch="false"/>
            <line number="228" hits="5" branch="true" condition-coverage="100% (2/2)"/>
            <line number="229" hits="1" branch="false"/>
            <line number="230" hits="4" branch="false"/>
            <line number="232" hits="4" branch="true" condition-coverage="100% (2/2)"/>
            <line number="233" hits="1" branch="false"/>
            <line number="234" hits="4" branch="false"/>
            <line number="237" hits="3" branch="false"/>
            <line number="238" hits="12" branch="false"/>
            <line number="245" hits="4" branch="false"/>
            <line number="246" hits="4" branch="true" condition-coverage="100% (2/2)"/>
            <line number="247" hits="3" branch="false"/>
            <line number="248" hits="3" branch="true" condition-coverage="100% (2/2)"/>
            <line number="249" hits="2" branch="false"/>
            <line number="251" hits="1" branch="false"/>
            <line number="253" hits="3" branch="false"/>
            <line number="260" hits="2" branch="true" condition-coverage="100% (2/2)"/>
            <line number="261" hits="1" branch="false"/>
            <line number="262" hits="1" branch="false"/>
            <line number="263" hits="1" branch="false"/>
            <line number="264" hits="1" branch="false"/>
            <line number="265" hits="1" branch="false"/>
            <line number="266" hits="1" branch="false"/>
            <line number="268" hits="1" branch="false"/>
            <line number="269" hits="1" branch="false"/>
            <line number="275" hits="2" branch="true" condition-coverage="100% (2/2)"/>
            <line number="276" hits="1" branch="false"/>
            <line number="277" hits="1" branch="false"/>
            <line number="278" hits="1" branch="false"/>
            <line number="279" hits="1" branch="false"/>
            <line number="281" hits="1" branch="false"/>
            <line number="282" hits="1" branch="false"/>
            <line number="284" hits="1" branch="false"/>
            <line number="285" hits="1" branch="false"/>
            <line number="286" hits="1" branch="false"/>
            <line number="287" hits="1" branch="false"/>
            <line number="288" hits="1" branch="false"/>
            <line number="289" hits="1" branch="false"/>
            <line number="291" hits="1" branch="true" condition-coverage="50% (1/2)"/>
            <line number="292" hits="0" branch="false"/>
            <line number="293" hits="0" branch="false"/>
            <line number="297" hits="1" branch="false"/>
            <line number="298" hits="0" branch="false"/>
            <line number="299" hits="0" branch="false"/>
            <line number="301" hits="1" branch="false"/>
            <line number="306" hits="1" branch="false"/>
            <line number="308" hits="1" branch="false"/>
            <line number="309" hits="1" branch="false"/>
            <line number="311" hits="1" branch="false"/>
            <line number="312" hits="1" branch="false"/>
            <line number="313" hits="1" branch="false"/>
            <line number="314" hits="1" branch="false"/>
            <line number="315" hits="1" branch="false"/>
            <line number="318" hits="1" branch="false"/>
            <line number="319" hits="1" branch="false"/>
            <line number="324" hits="193" branch="false"/>
            <line number="328" hits="193" branch="false"/>
          </lines>
        </class>
      </classes>
    </package>
    <package name="src.app.components.editor" line-rate="1" branch-rate="1">
      <classes>
        <class name="editor.component.ts" filename="src/app/components/editor/editor.component.ts" line-rate="1" branch-rate="1">
          <methods>
          </methods>
          <lines>
            <line number="8" hits="1" branch="false"/>
          </lines>
        </class>
      </classes>
    </package>
    <package name="src.app.components.export-drawing" line-rate="0.9565" branch-rate="1">
      <classes>
        <class name="export-drawing.component.ts" filename="src/app/components/export-drawing/export-drawing.component.ts" line-rate="0.9565" branch-rate="1">
          <methods>
            <method name="(anonymous_0)" hits="10" signature="()V">
              <lines>
                <line number="27" hits="10"/>
              </lines>
            </method>
            <method name="(anonymous_1)" hits="10" signature="()V">
              <lines>
                <line number="44" hits="10"/>
              </lines>
            </method>
            <method name="(anonymous_2)" hits="15" signature="()V">
              <lines>
                <line number="49" hits="15"/>
              </lines>
            </method>
            <method name="(anonymous_3)" hits="2" signature="()V">
              <lines>
                <line number="66" hits="2"/>
              </lines>
            </method>
            <method name="(anonymous_4)" hits="1" signature="()V">
              <lines>
                <line number="74" hits="1"/>
              </lines>
            </method>
            <method name="(anonymous_5)" hits="2" signature="()V">
              <lines>
                <line number="82" hits="2"/>
              </lines>
            </method>
            <method name="(anonymous_6)" hits="2" signature="()V">
              <lines>
                <line number="96" hits="2"/>
              </lines>
            </method>
            <method name="(anonymous_7)" hits="2" signature="()V">
              <lines>
                <line number="97" hits="2"/>
              </lines>
            </method>
            <method name="(anonymous_8)" hits="2" signature="()V">
              <lines>
                <line number="98" hits="2"/>
              </lines>
            </method>
            <method name="(anonymous_9)" hits="0" signature="()V">
              <lines>
                <line number="101" hits="0"/>
              </lines>
            </method>
            <method name="(anonymous_10)" hits="0" signature="()V">
              <lines>
                <line number="105" hits="0"/>
              </lines>
            </method>
            <method name="(anonymous_11)" hits="5" signature="()V">
              <lines>
                <line number="108" hits="5"/>
              </lines>
            </method>
            <method name="(anonymous_12)" hits="3" signature="()V">
              <lines>
                <line number="113" hits="3"/>
              </lines>
            </method>
            <method name="(anonymous_13)" hits="1" signature="()V">
              <lines>
                <line number="119" hits="1"/>
              </lines>
            </method>
            <method name="(anonymous_14)" hits="1" signature="()V">
              <lines>
                <line number="123" hits="1"/>
              </lines>
            </method>
          </methods>
          <lines>
            <line number="13" hits="1" branch="false"/>
            <line number="15" hits="10" branch="false"/>
            <line number="16" hits="10" branch="false"/>
            <line number="17" hits="10" branch="false"/>
            <line number="18" hits="10" branch="false"/>
            <line number="28" hits="10" branch="false"/>
            <line number="29" hits="10" branch="false"/>
            <line number="30" hits="10" branch="false"/>
            <line number="31" hits="10" branch="false"/>
            <line number="33" hits="10" branch="false"/>
            <line number="39" hits="10" branch="false"/>
            <line number="40" hits="10" branch="false"/>
            <line number="41" hits="10" branch="false"/>
            <line number="45" hits="10" branch="false"/>
            <line number="46" hits="10" branch="false"/>
            <line number="50" hits="15" branch="false"/>
            <line number="51" hits="15" branch="false"/>
            <line number="52" hits="15" branch="false"/>
            <line number="53" hits="15" branch="false"/>
            <line number="67" hits="2" branch="true" condition-coverage="100% (2/2)"/>
            <line number="68" hits="1" branch="false"/>
            <line number="70" hits="1" branch="false"/>
            <line number="75" hits="1" branch="false"/>
            <line number="76" hits="1" branch="false"/>
            <line number="77" hits="1" branch="false"/>
            <line number="78" hits="1" branch="false"/>
            <line number="79" hits="1" branch="false"/>
            <line number="83" hits="2" branch="false"/>
            <line number="84" hits="2" branch="false"/>
            <line number="85" hits="2" branch="false"/>
            <line number="86" hits="2" branch="false"/>
            <line number="87" hits="2" branch="false"/>
            <line number="88" hits="2" branch="false"/>
            <line number="89" hits="2" branch="false"/>
            <line number="96" hits="2" branch="false"/>
            <line number="97" hits="2" branch="false"/>
            <line number="98" hits="2" branch="false"/>
            <line number="102" hits="0" branch="false"/>
            <line number="105" hits="0" branch="false"/>
            <line number="109" hits="5" branch="false"/>
            <line number="110" hits="5" branch="false"/>
            <line number="114" hits="3" branch="false"/>
            <line number="115" hits="3" branch="false"/>
            <line number="116" hits="3" branch="false"/>
            <line number="120" hits="1" branch="false"/>
            <line number="124" hits="1" branch="false"/>
          </lines>
        </class>
      </classes>
    </package>
    <package name="src.app.components.form" line-rate="0.9767" branch-rate="0.9">
      <classes>
        <class name="form.component.ts" filename="src/app/components/form/form.component.ts" line-rate="0.9767" branch-rate="0.9">
          <methods>
            <method name="(anonymous_0)" hits="14" signature="()V">
              <lines>
                <line number="23" hits="14"/>
              </lines>
            </method>
            <method name="(anonymous_1)" hits="28" signature="()V">
              <lines>
                <line number="30" hits="28"/>
              </lines>
            </method>
            <method name="(anonymous_2)" hits="47" signature="()V">
              <lines>
                <line number="37" hits="47"/>
              </lines>
            </method>
            <method name="(anonymous_3)" hits="2" signature="()V">
              <lines>
                <line number="41" hits="2"/>
              </lines>
            </method>
            <method name="(anonymous_4)" hits="2" signature="()V">
              <lines>
                <line number="51" hits="2"/>
              </lines>
            </method>
            <method name="(anonymous_5)" hits="57" signature="()V">
              <lines>
                <line number="57" hits="57"/>
              </lines>
            </method>
            <method name="(anonymous_6)" hits="3" signature="()V">
              <lines>
                <line number="62" hits="3"/>
              </lines>
            </method>
            <method name="(anonymous_7)" hits="2" signature="()V">
              <lines>
                <line number="86" hits="2"/>
              </lines>
            </method>
            <method name="(anonymous_8)" hits="0" signature="()V">
              <lines>
                <line number="103" hits="0"/>
              </lines>
            </method>
            <method name="(anonymous_9)" hits="2" signature="()V">
              <lines>
                <line number="106" hits="2"/>
              </lines>
            </method>
            <method name="(anonymous_10)" hits="1" signature="()V">
              <lines>
                <line number="119" hits="1"/>
              </lines>
            </method>
            <method name="(anonymous_11)" hits="1" signature="()V">
              <lines>
                <line number="123" hits="1"/>
              </lines>
            </method>
          </methods>
          <lines>
            <line number="15" hits="1" branch="false"/>
            <line number="17" hits="14" branch="false"/>
            <line number="18" hits="14" branch="false"/>
            <line number="19" hits="14" branch="false"/>
            <line number="20" hits="14" branch="false"/>
            <line number="21" hits="14" branch="false"/>
            <line number="24" hits="14" branch="false"/>
            <line number="25" hits="14" branch="false"/>
            <line number="26" hits="14" branch="false"/>
            <line number="27" hits="14" branch="false"/>
            <line number="31" hits="28" branch="false"/>
            <line number="38" hits="47" branch="false"/>
            <line number="42" hits="2" branch="true" condition-coverage="100% (2/2)"/>
            <line number="43" hits="1" branch="false"/>
            <line number="47" hits="1" branch="false"/>
            <line number="52" hits="2" branch="true" condition-coverage="100% (2/2)"/>
            <line number="53" hits="1" branch="false"/>
            <line number="58" hits="57" branch="false"/>
            <line number="65" hits="3" branch="false"/>
            <line number="68" hits="3" branch="false"/>
            <line number="71" hits="3" branch="false"/>
            <line number="74" hits="3" branch="false"/>
            <line number="77" hits="3" branch="false"/>
            <line number="78" hits="2388" branch="false"/>
            <line number="82" hits="3" branch="false"/>
            <line number="83" hits="3" branch="false"/>
            <line number="87" hits="2" branch="false"/>
            <line number="89" hits="2" branch="false"/>
            <line number="90" hits="2" branch="true" condition-coverage="75% (3/4)"/>
            <line number="92" hits="2" branch="false"/>
            <line number="93" hits="2" branch="false"/>
            <line number="96" hits="2" branch="false"/>
            <line number="98" hits="2" branch="false"/>
            <line number="100" hits="2" branch="false"/>
            <line number="102" hits="2" branch="false"/>
            <line number="104" hits="0" branch="false"/>
            <line number="107" hits="2" branch="true" condition-coverage="100% (2/2)"/>
            <line number="108" hits="1" branch="false"/>
            <line number="109" hits="1" branch="false"/>
            <line number="111" hits="1" branch="false"/>
            <line number="112" hits="1" branch="false"/>
            <line number="120" hits="1" branch="false"/>
            <line number="124" hits="1" branch="false"/>
          </lines>
        </class>
      </classes>
    </package>
    <package name="src.app.components.menu" line-rate="1" branch-rate="1">
      <classes>
        <class name="menu.component.ts" filename="src/app/components/menu/menu.component.ts" line-rate="1" branch-rate="1">
          <methods>
            <method name="(anonymous_0)" hits="7" signature="()V">
              <lines>
                <line number="18" hits="7"/>
              </lines>
            </method>
            <method name="(anonymous_1)" hits="15" signature="()V">
              <lines>
                <line number="28" hits="15"/>
              </lines>
            </method>
            <method name="(anonymous_2)" hits="3" signature="()V">
              <lines>
                <line number="32" hits="3"/>
              </lines>
            </method>
            <method name="(anonymous_3)" hits="1" signature="()V">
              <lines>
                <line number="40" hits="1"/>
              </lines>
            </method>
          </methods>
          <lines>
            <line number="13" hits="1" branch="false"/>
            <line number="14" hits="7" branch="false"/>
            <line number="20" hits="7" branch="false"/>
            <line number="21" hits="7" branch="false"/>
            <line number="22" hits="7" branch="false"/>
            <line number="24" hits="7" branch="false"/>
            <line number="25" hits="7" branch="false"/>
            <line number="29" hits="15" branch="false"/>
            <line number="33" hits="3" branch="false"/>
            <line number="34" hits="3" branch="true" condition-coverage="100% (2/2)"/>
            <line number="35" hits="1" branch="false"/>
            <line number="36" hits="1" branch="false"/>
            <line number="41" hits="1" branch="false"/>
          </lines>
        </class>
      </classes>
    </package>
    <package name="src.app.components.menu-card" line-rate="1" branch-rate="1">
      <classes>
        <class name="menu-card.component.ts" filename="src/app/components/menu-card/menu-card.component.ts" line-rate="1" branch-rate="1">
          <methods>
          </methods>
          <lines>
            <line number="8" hits="1" branch="false"/>
          </lines>
        </class>
      </classes>
    </package>
    <package name="src.app.components.pipette" line-rate="1" branch-rate="1">
      <classes>
        <class name="pipette.component.ts" filename="src/app/components/pipette/pipette.component.ts" line-rate="1" branch-rate="1">
          <methods>
            <method name="(anonymous_0)" hits="4" signature="()V">
              <lines>
                <line number="18" hits="4"/>
              </lines>
            </method>
            <method name="(anonymous_1)" hits="5" signature="()V">
              <lines>
                <line number="23" hits="5"/>
              </lines>
            </method>
            <method name="(anonymous_2)" hits="2" signature="()V">
              <lines>
                <line number="28" hits="2"/>
              </lines>
            </method>
          </methods>
          <lines>
            <line number="10" hits="1" branch="false"/>
            <line number="19" hits="4" branch="false"/>
            <line number="20" hits="4" branch="false"/>
            <line number="24" hits="5" branch="false"/>
            <line number="29" hits="2" branch="true" condition-coverage="100% (2/2)"/>
            <line number="30" hits="1" branch="false"/>
          </lines>
        </class>
      </classes>
    </package>
    <package name="src.app.components.sidebar" line-rate="1" branch-rate="1">
      <classes>
        <class name="sidebar.component.ts" filename="src/app/components/sidebar/sidebar.component.ts" line-rate="1" branch-rate="1">
          <methods>
          </methods>
          <lines>
            <line number="8" hits="1" branch="false"/>
          </lines>
        </class>
      </classes>
    </package>
    <package name="src.app.components.toolbar" line-rate="0.9739" branch-rate="0.9091">
      <classes>
        <class name="toolbar.component.ts" filename="src/app/components/toolbar/toolbar.component.ts" line-rate="0.9739" branch-rate="0.9091">
          <methods>
            <method name="(anonymous_0)" hits="49" signature="()V">
              <lines>
                <line number="65" hits="49"/>
              </lines>
            </method>
            <method name="(anonymous_1)" hits="1" signature="()V">
              <lines>
                <line number="79" hits="1"/>
              </lines>
            </method>
            <method name="(anonymous_2)" hits="1" signature="()V">
              <lines>
                <line number="87" hits="1"/>
              </lines>
            </method>
            <method name="(anonymous_3)" hits="1" signature="()V">
              <lines>
                <line number="95" hits="1"/>
              </lines>
            </method>
            <method name="(anonymous_4)" hits="1" signature="()V">
              <lines>
                <line number="100" hits="1"/>
              </lines>
            </method>
            <method name="(anonymous_5)" hits="1" signature="()V">
              <lines>
                <line number="105" hits="1"/>
              </lines>
            </method>
            <method name="(anonymous_6)" hits="1" signature="()V">
              <lines>
                <line number="110" hits="1"/>
              </lines>
            </method>
            <method name="(anonymous_7)" hits="1" signature="()V">
              <lines>
                <line number="115" hits="1"/>
              </lines>
            </method>
            <method name="(anonymous_8)" hits="3" signature="()V">
              <lines>
                <line number="127" hits="3"/>
              </lines>
            </method>
            <method name="(anonymous_9)" hits="2" signature="()V">
              <lines>
                <line number="140" hits="2"/>
              </lines>
            </method>
            <method name="(anonymous_10)" hits="5" signature="()V">
              <lines>
                <line number="144" hits="5"/>
              </lines>
            </method>
            <method name="(anonymous_11)" hits="3" signature="()V">
              <lines>
                <line number="153" hits="3"/>
              </lines>
            </method>
            <method name="(anonymous_12)" hits="3" signature="()V">
              <lines>
                <line number="166" hits="3"/>
              </lines>
            </method>
            <method name="(anonymous_13)" hits="1" signature="()V">
              <lines>
                <line number="179" hits="1"/>
              </lines>
            </method>
            <method name="(anonymous_14)" hits="3" signature="()V">
              <lines>
                <line number="183" hits="3"/>
              </lines>
            </method>
[...]
              <lines>
                <line number="23" hits="17"/>
              </lines>
            </method>
            <method name="(anonymous_3)" hits="11" signature="()V">
              <lines>
                <line number="28" hits="11"/>
              </lines>
            </method>
            <method name="(anonymous_4)" hits="13" signature="()V">
              <lines>
                <line number="34" hits="13"/>
              </lines>
            </method>
            <method name="(anonymous_5)" hits="19" signature="()V">
              <lines>
                <line number="43" hits="19"/>
              </lines>
            </method>
            <method name="(anonymous_6)" hits="9" signature="()V">
              <lines>
                <line number="54" hits="9"/>
              </lines>
            </method>
          </methods>
          <lines>
            <line number="8" hits="1" branch="false"/>
            <line number="9" hits="74" branch="false"/>
            <line number="10" hits="74" branch="false"/>
            <line number="11" hits="74" branch="false"/>
            <line number="12" hits="74" branch="false"/>
            <line number="15" hits="74" branch="false"/>
            <line number="16" hits="74" branch="false"/>
            <line number="20" hits="11" branch="false"/>
            <line number="24" hits="17" branch="false"/>
            <line number="25" hits="17" branch="false"/>
            <line number="29" hits="11" branch="false"/>
            <line number="30" hits="11" branch="false"/>
            <line number="31" hits="11" branch="false"/>
            <line number="35" hits="13" branch="true" condition-coverage="100% (2/2)"/>
            <line number="36" hits="12" branch="false"/>
            <line number="37" hits="12" branch="false"/>
            <line number="38" hits="12" branch="false"/>
            <line number="39" hits="12" branch="false"/>
            <line number="44" hits="19" branch="false"/>
            <line number="45" hits="19" branch="false"/>
            <line number="46" hits="19" branch="false"/>
            <line number="47" hits="19" branch="false"/>
            <line number="49" hits="19" branch="false"/>
            <line number="50" hits="19" branch="false"/>
            <line number="51" hits="19" branch="false"/>
            <line number="55" hits="9" branch="false"/>
            <line number="56" hits="11" branch="false"/>
            <line number="58" hits="9" branch="true" condition-coverage="100% (2/2)"/>
            <line number="59" hits="4" branch="false"/>
            <line number="60" hits="5" branch="false"/>
          </lines>
        </class>
        <class name="pencil-command.service.ts" filename="src/app/services/tools/tool-commands/pencil-command.service.ts" line-rate="1" branch-rate="1">
          <methods>
            <method name="(anonymous_0)" hits="21" signature="()V">
              <lines>
                <line number="14" hits="21"/>
              </lines>
            </method>
            <method name="(anonymous_1)" hits="13" signature="()V">
              <lines>
                <line number="22" hits="13"/>
              </lines>
            </method>
            <method name="(anonymous_2)" hits="13" signature="()V">
              <lines>
                <line number="26" hits="13"/>
              </lines>
            </method>
            <method name="(anonymous_3)" hits="13" signature="()V">
              <lines>
                <line number="31" hits="13"/>
              </lines>
            </method>
          </methods>
          <lines>
            <line number="8" hits="1" branch="false"/>
            <line number="15" hits="21" branch="false"/>
            <line number="16" hits="21" branch="false"/>
            <line number="23" hits="13" branch="false"/>
            <line number="27" hits="13" branch="false"/>
            <line number="28" hits="13" branch="false"/>
            <line number="32" hits="13" branch="false"/>
            <line number="33" hits="13" branch="false"/>
            <line number="34" hits="13" branch="false"/>
            <line number="35" hits="13" branch="false"/>
            <line number="36" hits="13" branch="false"/>
            <line number="37" hits="13" branch="false"/>
            <line number="38" hits="17" branch="false"/>
            <line number="40" hits="13" branch="false"/>
          </lines>
        </class>
        <class name="polygone-command.service.ts" filename="src/app/services/tools/tool-commands/polygone-command.service.ts" line-rate="1" branch-rate="1">
          <methods>
            <method name="(anonymous_0)" hits="16" signature="()V">
              <lines>
                <line number="15" hits="16"/>
              </lines>
            </method>
            <method name="(anonymous_1)" hits="9" signature="()V">
              <lines>
                <line number="25" hits="9"/>
              </lines>
            </method>
            <method name="(anonymous_2)" hits="9" signature="()V">
              <lines>
                <line number="32" hits="9"/>
              </lines>
            </method>
            <method name="(anonymous_3)" hits="8" signature="()V">
              <lines>
                <line number="41" hits="8"/>
              </lines>
            </method>
          </methods>
          <lines>
            <line number="7" hits="1" branch="false"/>
            <line number="8" hits="16" branch="false"/>
            <line number="13" hits="16" branch="false"/>
            <line number="16" hits="16" branch="false"/>
            <line number="17" hits="16" branch="false"/>
            <line number="26" hits="9" branch="false"/>
            <line number="27" hits="9" branch="false"/>
            <line number="28" hits="9" branch="false"/>
            <line number="29" hits="9" branch="false"/>
            <line number="33" hits="9" branch="false"/>
            <line number="34" hits="9" branch="false"/>
            <line number="35" hits="9" branch="false"/>
            <line number="36" hits="9" branch="false"/>
            <line number="37" hits="9" branch="false"/>
            <line number="38" hits="9" branch="false"/>
            <line number="42" hits="8" branch="true" condition-coverage="100% (2/2)"/>
            <line number="43" hits="2" branch="false"/>
            <line number="45" hits="6" branch="false"/>
            <line number="48" hits="8" branch="false"/>
            <line number="49" hits="8" branch="false"/>
            <line number="50" hits="8" branch="false"/>
            <line number="51" hits="8" branch="false"/>
            <line number="53" hits="8" branch="false"/>
            <line number="54" hits="8" branch="false"/>
            <line number="56" hits="8" branch="false"/>
            <line number="58" hits="8" branch="false"/>
            <line number="59" hits="24" branch="false"/>
            <line number="62" hits="8" branch="false"/>
            <line number="64" hits="8" branch="true" condition-coverage="100% (2/2)"/>
            <line number="65" hits="1" branch="false"/>
            <line number="66" hits="1" branch="false"/>
          </lines>
        </class>
        <class name="rectangle-command.service.ts" filename="src/app/services/tools/tool-commands/rectangle-command.service.ts" line-rate="1" branch-rate="1">
          <methods>
            <method name="(anonymous_0)" hits="16" signature="()V">
              <lines>
                <line number="15" hits="16"/>
              </lines>
            </method>
            <method name="(anonymous_1)" hits="8" signature="()V">
              <lines>
                <line number="27" hits="8"/>
              </lines>
            </method>
            <method name="(anonymous_2)" hits="8" signature="()V">
              <lines>
                <line number="34" hits="8"/>
              </lines>
            </method>
            <method name="(anonymous_3)" hits="8" signature="()V">
              <lines>
                <line number="39" hits="8"/>
              </lines>
            </method>
            <method name="(anonymous_4)" hits="7" signature="()V">
              <lines>
                <line number="43" hits="7"/>
              </lines>
            </method>
          </methods>
          <lines>
            <line number="9" hits="1" branch="false"/>
            <line number="11" hits="16" branch="false"/>
            <line number="13" hits="16" branch="false"/>
            <line number="16" hits="16" branch="false"/>
            <line number="17" hits="16" branch="false"/>
            <line number="18" hits="16" branch="false"/>
            <line number="24" hits="16" branch="false"/>
            <line number="28" hits="8" branch="false"/>
            <line number="29" hits="8" branch="false"/>
            <line number="30" hits="8" branch="false"/>
            <line number="31" hits="8" branch="false"/>
            <line number="35" hits="8" branch="false"/>
            <line number="36" hits="8" branch="false"/>
            <line number="40" hits="8" branch="false"/>
            <line number="44" hits="7" branch="true" condition-coverage="100% (2/2)"/>
            <line number="45" hits="1" branch="false"/>
            <line number="47" hits="6" branch="false"/>
            <line number="50" hits="7" branch="false"/>
            <line number="51" hits="7" branch="false"/>
            <line number="52" hits="7" branch="false"/>
            <line number="53" hits="7" branch="false"/>
            <line number="55" hits="7" branch="false"/>
            <line number="56" hits="7" branch="false"/>
            <line number="58" hits="7" branch="false"/>
            <line number="59" hits="7" branch="false"/>
            <line number="61" hits="7" branch="false"/>
            <line number="62" hits="7" branch="false"/>
            <line number="64" hits="7" branch="false"/>
            <line number="65" hits="7" branch="false"/>
            <line number="66" hits="7" branch="false"/>
            <line number="67" hits="7" branch="true" condition-coverage="100% (2/2)"/>
            <line number="68" hits="1" branch="false"/>
            <line number="69" hits="1" branch="false"/>
          </lines>
        </class>
        <class name="resize-command.service.ts" filename="src/app/services/tools/tool-commands/resize-command.service.ts" line-rate="1" branch-rate="0.8929">
          <methods>
            <method name="(anonymous_0)" hits="72" signature="()V">
              <lines>
                <line number="28" hits="72"/>
              </lines>
            </method>
            <method name="(anonymous_1)" hits="4" signature="()V">
              <lines>
                <line number="32" hits="4"/>
              </lines>
            </method>
            <method name="(anonymous_2)" hits="8" signature="()V">
              <lines>
                <line number="37" hits="8"/>
              </lines>
            </method>
            <method name="(anonymous_3)" hits="2" signature="()V">
              <lines>
                <line number="50" hits="2"/>
              </lines>
            </method>
            <method name="(anonymous_4)" hits="4" signature="()V">
              <lines>
                <line number="54" hits="4"/>
              </lines>
            </method>
            <method name="(anonymous_5)" hits="2" signature="()V">
              <lines>
                <line number="60" hits="2"/>
              </lines>
            </method>
            <method name="(anonymous_6)" hits="4" signature="()V">
              <lines>
                <line number="64" hits="4"/>
              </lines>
            </method>
            <method name="(anonymous_7)" hits="8" signature="()V">
              <lines>
                <line number="70" hits="8"/>
              </lines>
            </method>
            <method name="(anonymous_8)" hits="2" signature="()V">
              <lines>
                <line number="96" hits="2"/>
              </lines>
            </method>
            <method name="(anonymous_9)" hits="1" signature="()V">
              <lines>
                <line number="100" hits="1"/>
              </lines>
            </method>
            <method name="(anonymous_10)" hits="8" signature="()V">
              <lines>
                <line number="107" hits="8"/>
              </lines>
            </method>
            <method name="(anonymous_11)" hits="1" signature="()V">
              <lines>
                <line number="116" hits="1"/>
              </lines>
            </method>
            <method name="(anonymous_12)" hits="2" signature="()V">
              <lines>
                <line number="122" hits="2"/>
              </lines>
            </method>
          </methods>
          <lines>
            <line number="12" hits="1" branch="false"/>
            <line number="13" hits="72" branch="false"/>
            <line number="14" hits="72" branch="false"/>
            <line number="15" hits="72" branch="false"/>
            <line number="16" hits="72" branch="false"/>
            <line number="17" hits="72" branch="false"/>
            <line number="18" hits="72" branch="false"/>
            <line number="19" hits="72" branch="false"/>
            <line number="20" hits="72" branch="false"/>
            <line number="23" hits="72" branch="false"/>
            <line number="24" hits="72" branch="false"/>
            <line number="25" hits="72" branch="false"/>
            <line number="26" hits="72" branch="false"/>
            <line number="28" hits="72" branch="false"/>
            <line number="29" hits="72" branch="false"/>
            <line number="33" hits="4" branch="false"/>
            <line number="34" hits="4" branch="false"/>
            <line number="38" hits="8" branch="true" condition-coverage="100% (2/2)"/>
            <line number="39" hits="7" branch="true" condition-coverage="100% (2/2)"/>
            <line number="40" hits="2" branch="true" condition-coverage="100% (2/2)"/>
            <line number="41" hits="5" branch="true" condition-coverage="100% (2/2)"/>
            <line number="42" hits="2" branch="true" condition-coverage="100% (2/2)"/>
            <line number="43" hits="3" branch="true" condition-coverage="100% (2/2)"/>
            <line number="44" hits="2" branch="true" condition-coverage="100% (2/2)"/>
            <line number="45" hits="2" branch="true" condition-coverage="100% (2/2)"/>
            <line number="51" hits="2" branch="false"/>
            <line number="55" hits="4" branch="false"/>
            <line number="56" hits="4" branch="false"/>
            <line number="57" hits="4" branch="false"/>
            <line number="61" hits="2" branch="false"/>
            <line number="65" hits="4" branch="false"/>
            <line number="66" hits="4" branch="false"/>
            <line number="67" hits="4" branch="false"/>
            <line number="71" hits="8" branch="false"/>
            <line number="72" hits="8" branch="true" condition-coverage="100% (2/2)"/>
            <line number="73" hits="1" branch="false"/>
            <line number="74" hits="1" branch="true" condition-coverage="50% (1/2)"/>
            <line number="75" hits="1" branch="false"/>
            <line number="77" hits="7" branch="true" condition-coverage="100% (2/2)"/>
            <line number="78" hits="1" branch="false"/>
            <line number="79" hits="1" branch="true" condition-coverage="50% (1/2)"/>
            <line number="80" hits="1" branch="false"/>
            <line number="82" hits="6" branch="true" condition-coverage="100% (2/2)"/>
            <line number="83" hits="3" branch="false"/>
            <line number="84" hits="3" branch="false"/>
            <line number="85" hits="3" branch="true" condition-coverage="50% (1/2)"/>
            <line number="86" hits="3" branch="false"/>
            <line number="89" hits="8" branch="false"/>
            <line number="90" hits="8" branch="false"/>
            <line number="91" hits="8" branch="false"/>
            <line number="97" hits="2" branch="false"/>
            <line number="98" hits="2" branch="false"/>
            <line number="99" hits="2" branch="false"/>
            <line number="100" hits="2" branch="false"/>
            <line number="101" hits="1" branch="false"/>
            <line number="102" hits="1" branch="false"/>
            <line number="103" hits="1" branch="false"/>
            <line number="108" hits="8" branch="false"/>
            <line number="109" hits="8" branch="false"/>
            <line number="110" hits="8" branch="false"/>
            <line number="111" hits="8" branch="false"/>
            <line number="112" hits="8" branch="false"/>
            <line number="113" hits="8" branch="false"/>
            <line number="117" hits="1" branch="false"/>
            <line number="118" hits="1" branch="false"/>
            <line number="119" hits="1" branch="false"/>
            <line number="123" hits="2" branch="false"/>
          </lines>
        </class>
        <class name="selection-command.service.ts" filename="src/app/services/tools/tool-commands/selection-command.service.ts" line-rate="0.6667000000000001" branch-rate="1">
          <methods>
            <method name="(anonymous_0)" hits="7" signature="()V">
              <lines>
                <line number="11" hits="7"/>
              </lines>
            </method>
            <method name="(anonymous_1)" hits="0" signature="()V">
              <lines>
                <line number="22" hits="0"/>
              </lines>
            </method>
          </methods>
          <lines>
            <line number="8" hits="1" branch="false"/>
            <line number="12" hits="7" branch="false"/>
            <line number="13" hits="7" branch="false"/>
            <line number="19" hits="7" branch="false"/>
            <line number="23" hits="0" branch="false"/>
            <line number="24" hits="0" branch="false"/>
          </lines>
        </class>
        <class name="stamp-command.service.ts" filename="src/app/services/tools/tool-commands/stamp-command.service.ts" line-rate="1" branch-rate="1">
          <methods>
            <method name="(anonymous_0)" hits="19" signature="()V">
              <lines>
                <line number="16" hits="19"/>
              </lines>
            </method>
            <method name="(anonymous_1)" hits="6" signature="()V">
              <lines>
                <line number="24" hits="6"/>
              </lines>
            </method>
            <method name="(anonymous_2)" hits="6" signature="()V">
              <lines>
                <line number="31" hits="6"/>
              </lines>
            </method>
          </methods>
          <lines>
            <line number="5" hits="1" branch="false"/>
            <line number="9" hits="1" branch="false"/>
            <line number="10" hits="19" branch="false"/>
            <line number="13" hits="19" branch="false"/>
            <line number="14" hits="19" branch="false"/>
            <line number="17" hits="19" branch="false"/>
            <line number="18" hits="19" branch="false"/>
            <line number="25" hits="6" branch="false"/>
            <line number="26" hits="6" branch="false"/>
            <line number="27" hits="6" branch="false"/>
            <line number="28" hits="6" branch="false"/>
            <line number="32" hits="6" branch="false"/>
            <line number="33" hits="6" branch="false"/>
            <line number="34" hits="6" branch="false"/>
            <line number="37" hits="6" branch="false"/>
            <line number="38" hits="6" branch="false"/>
            <line number="39" hits="6" branch="false"/>
            <line number="40" hits="6" branch="false"/>
            <line number="41" hits="6" branch="false"/>
          </lines>
        </class>
      </classes>
    </package>
  </packages>
</coverage>
